STATUS:Searching for applets
STATUS:Creating menu items
MSG   :Add menu Edit::New
MSG   :Add menu Structure::Window
MSG   :Add menu Structure::Control
MSG   :Add menu Electronic::DOS + bands
MSG   :Add menu Electronic::Local DOS+bands control
MSG   :Add menu Edit::Info
MSG   :Add menu Edit::Move atoms
MSG   :Add menu Convergence::Energy
MSG   :Add menu Electronic::STM Control
MSG   :Add menu Convergence::Forces
MSG   :Add menu Edit::Edit sub-Z-matrix
MSG   :Add menu Electronic::Dielectric function
MSG   :Add menu Mechanics::Phonon dispersion
MSG   :Add menu Database::Query
MSG   :Add menu Structure::Lattice
MSG   :Add menu Electronic::Local potential
MSG   :Add menu Mechanics::VAC
MSG   :Add menu Structure::Show (old)
MSG   :Add menu Structure::Measure
MSG   :Add menu Electronic::View k-points
MSG   :Add menu Structure::Export
MSG   :Add menu Electronic::STM Window
MSG   :Add menu Edit::Rotate atoms
MSG   :Add menu Convergence::Selected forces
MSG   :Add menu Edit::Multiply cell
MSG   :Add menu Database::Commit
MSG   :Add menu Structure::Show/hide atoms
MSG   :Add menu Mechanics::Phonons k-points path
MSG   :Add menu Edit::Builder
STATUS:Initializing toolbar buttons
STATUS:Initializing selection applet
STATUS:loading setup
ERROR : Can not read setup.xml
STATUS:setup loaded
STATUS:reading vasprun.xml
STATUS:reading vasprun.xml OK
STATUS:OK
STATUS:reading graph dos from /usr/lib/p4vasp/data/graphs/dos.agr
STATUS:reading graph dos_x from /usr/lib/p4vasp/data/graphs/dos_x.agr
STATUS:reading graph dos_y from /usr/lib/p4vasp/data/graphs/dos_y.agr
STATUS:reading graph bands from /usr/lib/p4vasp/data/graphs/bands.agr
STATUS:reading graph dosbands from /usr/lib/p4vasp/data/graphs/dosbands.agr
STATUS:reading graph inverse_participation_ratio from /usr/lib/p4vasp/data/graphs/inverse_participation_ratio.agr
STATUS:reading graph dos_ipr from /usr/lib/p4vasp/data/graphs/dos_ipr.agr
STATUS:Update
STATUS:Update data
STATUS:Read structure
STATUS:Parsing initial structure
STATUS:OK
STATUS:OK
STATUS:Update DOS data
STATUS:Parsing DOS, please wait
STATUS:OK
STATUS:OK
STATUS:OK
STATUS:OK
STATUS:Update
STATUS:Update data
STATUS:Update k-points
ERROR : Error reading property KPOINT_DIVISIONS
EXCEPT:Traceback (most recent call last):
          File "/usr/lib/python2.7/dist-packages/p4vasp/Property.py", line 159, in get
           self.value=self.read()
          File "/usr/lib/python2.7/dist-packages/p4vasp/Property.py", line 172, in read
           return apply(self.read_func,(self,))
          File "/usr/lib/python2.7/dist-packages/p4vasp/SystemPM.py", line 814, in getKpointDivisions
           return resolveItemElement(getChildrenByTagName(g,"i","divisions")[0])[1]
        IndexError: list index out of range
       
STATUS:Scanning k-points
STATUS:OK
STATUS:Update eigenvalues
STATUS:Parsing eigenvalues (L)
STATUS:OK
STATUS:Scanning eigenvalues.
STATUS:Scanning eigenvalues..
STATUS:Eigenvalues updated
STATUS:OK
STATUS:OK
STATUS:Update
STATUS:Update data
STATUS:Read structure
STATUS:Parsing initial structure
STATUS:OK
STATUS:OK
STATUS:Update k-points
ERROR : Error reading property KPOINT_DIVISIONS
EXCEPT:Traceback (most recent call last):
          File "/usr/lib/python2.7/dist-packages/p4vasp/Property.py", line 159, in get
           self.value=self.read()
          File "/usr/lib/python2.7/dist-packages/p4vasp/Property.py", line 172, in read
           return apply(self.read_func,(self,))
          File "/usr/lib/python2.7/dist-packages/p4vasp/SystemPM.py", line 814, in getKpointDivisions
           return resolveItemElement(getChildrenByTagName(g,"i","divisions")[0])[1]
        IndexError: list index out of range
       
STATUS:Scanning k-points
STATUS:OK
STATUS:Update eigenvalues
STATUS:Parsing eigenvalues (L)
STATUS:OK
STATUS:Scanning eigenvalues.
STATUS:Scanning eigenvalues..
STATUS:Eigenvalues updated
STATUS:OK
STATUS:OK
STATUS:242 -17
STATUS:242 -16
STATUS:240 -13
STATUS:238  -9
STATUS:234  -3
STATUS:229   9
STATUS:226  17
STATUS:223  29
STATUS:220  40
STATUS:216  58
STATUS:214  76
STATUS:213  94
STATUS:G0 [3.174179, 49.576073] set 126: point 46, [3.138211, 49.639961]
STATUS:G0 [2.280880, 23.675115] set 59: point 37, [2.383959, 23.288061]
STATUS:G0 [0.229603, 17.049289] set 45: point 4, [0.141023, 16.728261]
STATUS:G0 [0.196518, 15.995180] set 43: point 2, [0.070512, 15.599161]
STATUS:G0 [0.097262, 11.025810] set 32: point 2, [0.070512, 11.243061]
STATUS:G0 [0.031092, 9.821115] set 32: point 0, [0.000000, 9.559461]
STATUS:G0 [0.031092, 10.423463] set 37: point 0, [0.000000, 10.394961]
STATUS:G0 [0.064177, 10.272876] set 34: point 0, [0.000000, 10.393961]
STATUS:G0 [1.122901, -0.870560] set 17: point 18, [1.068584, -0.944539]
STATUS:G0 [2.611731, -7.948147] set 13: point 40, [2.715141, -11.187839]
STATUS:G0 [3.935136, -10.508126] set 13: point 60, [3.854237, -11.251339]
STATUS:G0 [4.431413, -11.712821] set 12: point 68, [4.347819, -11.251639]
STATUS:G0 [4.464498, -11.562234] set 12: point 68, [4.347819, -11.251639]
STATUS:G0 [4.464498, -11.411647] set 12: point 68, [4.347819, -11.251639]
STATUS:G0 [1.718433, -2.527016] set 15: point 28, [1.638132, -3.143039]
STATUS:G0 [1.023646, 1.990593] set 18: point 16, [0.998072, 2.074461]
STATUS:G0 [1.023646, 2.141180] set 19: point 16, [0.998072, 2.074661]
STATUS:G0 [1.122901, 40.089095] set 102: point 19, [1.103840, 40.177161]
STATUS:153  99
STATUS:155  86
STATUS:156  75
STATUS:158  64
STATUS:159  52
STATUS:162  41
STATUS:164  30
STATUS:167  21
STATUS:168  15
STATUS:172  10
STATUS:175   4
STATUS:176   1
STATUS:181  -8
STATUS:182 -13
STATUS:184 -14
STATUS:185 -18
STATUS:186 -19
STATUS:187 -21
STATUS:188 -23
STATUS:189 -24
STATUS:190 -24
STATUS:191 -24
STATUS:192 -24
STATUS:193 -24
STATUS:196 -22
STATUS:199 -21
STATUS:202 -19
STATUS:204 -18
STATUS:207 -17
STATUS:210 -15
STATUS:212 -15
STATUS:214 -14
STATUS:216 -14
STATUS:218 -12
STATUS:222 -11
STATUS:225 -10
STATUS:226 -10
STATUS:229  -9
STATUS:231  -9
STATUS:234  -9
STATUS:236  -9
STATUS:238  -9
STATUS:242  -9
STATUS:244  -9
STATUS:248  -9
STATUS:250  -9
STATUS:252  -9
STATUS:257 -10
STATUS:259 -10
STATUS:261 -11
STATUS:268 -12
STATUS:270 -13
STATUS:274 -14
STATUS:276 -14
STATUS:277 -14
STATUS:278 -14
STATUS:280 -15
STATUS:281 -15
STATUS:282 -16
STATUS:283 -16
STATUS:284 -17
STATUS:285 -17
STATUS:286 -17
STATUS:287 -18
STATUS:288 -19
STATUS:289 -19
STATUS:290 -20
STATUS:289 -20
STATUS:288 -19
STATUS:285 -18
STATUS:282 -17
STATUS:279 -16
STATUS:276 -15
STATUS:273 -15
STATUS:270 -14
STATUS:267 -14
STATUS:261 -14
STATUS:259 -14
STATUS:255 -14
STATUS:254 -14
STATUS:251 -14
STATUS:249 -14
STATUS:247 -14
STATUS:246 -14
STATUS:244 -14
STATUS:243 -14
STATUS:242 -14
STATUS:240 -13
STATUS:235 -12
STATUS:230 -12
STATUS:224 -11
STATUS:211 -10
STATUS:206 -10
STATUS:200 -10
STATUS:194 -10
STATUS:188 -10
STATUS:183 -10
STATUS:179 -11
STATUS:177 -11
STATUS:176 -12
STATUS:176 -13
STATUS:175 -13
STATUS:174 -13
STATUS:172 -12
STATUS:170 -12
STATUS:167 -12
STATUS:165 -12
STATUS:160 -12
STATUS:157 -12
STATUS:151 -12
STATUS:148 -12
STATUS:141 -12
STATUS:137 -12
STATUS:126 -12
STATUS:123 -12
STATUS:119 -12
STATUS:117 -12
STATUS:116 -12
STATUS:117 -12
STATUS:118 -12
STATUS:120 -11
STATUS:124 -11
STATUS:127 -10
STATUS:129 -10
STATUS:132 -10
STATUS:136 -10
STATUS:138 -10
STATUS:140 -10
STATUS:141 -10
STATUS:142 -10
