STATUS:Searching for applets
STATUS:Creating menu items
MSG   :Add menu Edit::New
MSG   :Add menu Structure::Window
MSG   :Add menu Structure::Control
MSG   :Add menu Electronic::DOS + bands
MSG   :Add menu Electronic::Local DOS+bands control
MSG   :Add menu Edit::Info
MSG   :Add menu Edit::Move atoms
MSG   :Add menu Convergence::Energy
MSG   :Add menu Electronic::STM Control
MSG   :Add menu Convergence::Forces
MSG   :Add menu Edit::Edit sub-Z-matrix
MSG   :Add menu Electronic::Dielectric function
MSG   :Add menu Mechanics::Phonon dispersion
MSG   :Add menu Database::Query
MSG   :Add menu Structure::Lattice
MSG   :Add menu Electronic::Local potential
MSG   :Add menu Mechanics::VAC
MSG   :Add menu Structure::Show (old)
MSG   :Add menu Structure::Measure
MSG   :Add menu Electronic::View k-points
MSG   :Add menu Structure::Export
MSG   :Add menu Electronic::STM Window
MSG   :Add menu Edit::Rotate atoms
MSG   :Add menu Convergence::Selected forces
MSG   :Add menu Edit::Multiply cell
MSG   :Add menu Database::Commit
MSG   :Add menu Structure::Show/hide atoms
MSG   :Add menu Mechanics::Phonons k-points path
MSG   :Add menu Edit::Builder
STATUS:Initializing toolbar buttons
STATUS:Initializing selection applet
STATUS:loading setup
ERROR : Can not read setup.xml
STATUS:setup loaded
STATUS:reading vasprun.xml
STATUS:reading vasprun.xml OK
STATUS:OK
STATUS:Parsing free energy sequence
STATUS:OK
STATUS:reading graph dos from /usr/lib/p4vasp/data/graphs/dos.agr
STATUS:reading graph dos_x from /usr/lib/p4vasp/data/graphs/dos_x.agr
STATUS:reading graph dos_y from /usr/lib/p4vasp/data/graphs/dos_y.agr
STATUS:reading graph bands from /usr/lib/p4vasp/data/graphs/bands.agr
STATUS:reading graph dosbands from /usr/lib/p4vasp/data/graphs/dosbands.agr
STATUS:reading graph inverse_participation_ratio from /usr/lib/p4vasp/data/graphs/inverse_participation_ratio.agr
STATUS:reading graph dos_ipr from /usr/lib/p4vasp/data/graphs/dos_ipr.agr
STATUS:Update
STATUS:Update data
STATUS:Read structure
STATUS:Parsing initial structure
STATUS:OK
STATUS:OK
STATUS:Update DOS data
STATUS:Parsing DOS, please wait
STATUS:OK
STATUS:OK
STATUS:OK
STATUS:OK
STATUS:Update
STATUS:Update data
STATUS:Update k-points
STATUS:Scanning k-points
STATUS:OK
STATUS:Update eigenvalues
STATUS:Parsing eigenvalues (L)
STATUS:OK
STATUS:Scanning eigenvalues.
STATUS:Scanning eigenvalues..
STATUS:Eigenvalues updated
STATUS:OK
STATUS:OK
STATUS:Update
STATUS:Update data
STATUS:Read structure
STATUS:Parsing initial structure
STATUS:OK
STATUS:OK
STATUS:Update k-points
STATUS:Scanning k-points
STATUS:OK
STATUS:Update eigenvalues
STATUS:Parsing eigenvalues (L)
STATUS:OK
STATUS:Scanning eigenvalues.
STATUS:Scanning eigenvalues..
STATUS:Eigenvalues updated
STATUS:OK
STATUS:OK
STATUS:Update
STATUS:Update data
STATUS:Read structure
STATUS:Parsing initial structure
STATUS:OK
STATUS:OK
STATUS:Update k-points
STATUS:Scanning k-points
STATUS:OK
STATUS:Update eigenvalues
STATUS:Parsing eigenvalues (L)
STATUS:OK
STATUS:Scanning eigenvalues.
STATUS:Scanning eigenvalues..
STATUS:Eigenvalues updated
STATUS:OK
STATUS:OK
STATUS:Update
STATUS:Update data
STATUS:Read structure
STATUS:Parsing initial structure
STATUS:OK
STATUS:OK
STATUS:Update k-points
STATUS:Scanning k-points
STATUS:OK
STATUS:Update eigenvalues
STATUS:Parsing eigenvalues (L)
STATUS:OK
STATUS:Scanning eigenvalues.
STATUS:Scanning eigenvalues..
STATUS:Eigenvalues updated
STATUS:OK
STATUS:OK
STATUS:Update
STATUS:Update data
STATUS:Read structure
STATUS:Parsing initial structure
STATUS:OK
STATUS:OK
STATUS:Update k-points
STATUS:Scanning k-points
STATUS:OK
STATUS:Update eigenvalues
STATUS:Parsing eigenvalues (L)
STATUS:OK
STATUS:Scanning eigenvalues.
STATUS:Scanning eigenvalues..
STATUS:Eigenvalues updated
STATUS:OK
STATUS:OK
STATUS:Update
STATUS:Update data
STATUS:Read structure
STATUS:Parsing initial structure
STATUS:OK
STATUS:OK
STATUS:Update k-points
STATUS:Scanning k-points
STATUS:OK
STATUS:Update eigenvalues
STATUS:Parsing eigenvalues (L)
STATUS:OK
STATUS:Scanning eigenvalues.
STATUS:Scanning eigenvalues..
STATUS:Eigenvalues updated
STATUS:OK
STATUS:OK
STATUS:Update
STATUS:Update data
STATUS:Read structure
STATUS:Parsing initial structure
STATUS:OK
STATUS:OK
STATUS:Update k-points
STATUS:Scanning k-points
STATUS:OK
STATUS:Update eigenvalues
STATUS:Parsing eigenvalues (L)
STATUS:OK
STATUS:Scanning eigenvalues.
STATUS:Scanning eigenvalues..
STATUS:Eigenvalues updated
STATUS:OK
STATUS:OK
STATUS:252 -24
STATUS:253 -24
STATUS:254 -23
STATUS:255 -23
STATUS:257 -22
STATUS:259 -22
STATUS:260 -22
STATUS:263 -21
STATUS:268 -21
STATUS:272 -20
STATUS:275 -20
STATUS:278 -20
STATUS:282 -20
STATUS:285 -20
STATUS:287 -20
STATUS:289 -20
STATUS:290 -20
STATUS:289 -19
STATUS:288 -19
STATUS:287 -18
STATUS:286 -18
STATUS:285 -18
STATUS:283 -18
STATUS:281 -18
STATUS:279 -18
STATUS:276 -18
STATUS:274 -18
STATUS:270 -18
STATUS:266 -19
STATUS:257 -21
STATUS:253 -21
STATUS:249 -22
STATUS:245 -23
STATUS:242 -23
STATUS:240 -23
STATUS:236 -24
STATUS:234 -24
STATUS:231 -24
STATUS:228 -24
STATUS:226 -25
STATUS:223 -25
STATUS:215 -25
STATUS:210 -26
STATUS:205 -26
STATUS:199 -26
STATUS:194 -27
STATUS:189 -29
STATUS:182 -30
STATUS:179 -30
STATUS:162 -32
STATUS:158 -33
STATUS:150 -34
STATUS:140 -36
STATUS:136 -37
STATUS:118 -39
STATUS:112 -39
STATUS:106 -41
STATUS:101 -42
STATUS: 98 -43
STATUS: 95 -43
STATUS: 94 -45
STATUS: 92 -45
STATUS: 89 -46
STATUS: 87 -47
STATUS: 86 -47
STATUS: 85 -48
STATUS: 84 -48
STATUS: 82 -49
STATUS: 81 -50
STATUS: 80 -50
STATUS: 78 -51
STATUS: 75 -52
STATUS: 73 -53
STATUS: 72 -54
STATUS: 68 -55
STATUS: 67 -56
STATUS: 63 -57
STATUS: 62 -58
STATUS: 58 -59
STATUS: 56 -59
STATUS: 51 -61
STATUS: 48 -62
STATUS: 47 -62
STATUS: 45 -63
STATUS: 44 -63
STATUS: 42 -64
STATUS: 41 -64
STATUS: 40 -64
STATUS: 40 -65
STATUS: 39 -65
STATUS: 38 -65
STATUS: 38 -66
STATUS: 37 -66
STATUS: 36 -67
STATUS: 35 -68
STATUS: 34 -69
STATUS:Update
STATUS:Update data
STATUS:Read structure
STATUS:OK
STATUS:Update DOS data
STATUS:Parsing DOS, please wait
STATUS:OK
STATUS:OK
STATUS:OK
STATUS:OK
STATUS:Update
STATUS:Update data
STATUS:Update k-points
STATUS:Scanning k-points
STATUS:OK
STATUS:Update eigenvalues
STATUS:Scanning eigenvalues.
STATUS:Scanning eigenvalues..
STATUS:Eigenvalues updated
STATUS:OK
STATUS:OK
STATUS:Update
STATUS:Update data
STATUS:OK
STATUS:OK
STATUS:Update
STATUS:Update data
STATUS:Read structure
STATUS:Parsing initial structure
STATUS:OK
STATUS:OK
STATUS:Update k-points
ERROR : Error reading property KPOINT_DIVISIONS
EXCEPT:Traceback (most recent call last):
          File "/usr/lib/python2.7/dist-packages/p4vasp/Property.py", line 159, in get
           self.value=self.read()
          File "/usr/lib/python2.7/dist-packages/p4vasp/Property.py", line 172, in read
           return apply(self.read_func,(self,))
          File "/usr/lib/python2.7/dist-packages/p4vasp/SystemPM.py", line 814, in getKpointDivisions
           return resolveItemElement(getChildrenByTagName(g,"i","divisions")[0])[1]
        IndexError: list index out of range
       
STATUS:Scanning k-points
STATUS:OK
STATUS:Update eigenvalues
STATUS:Parsing eigenvalues (L)
STATUS:OK
STATUS:Scanning eigenvalues.
STATUS:Scanning eigenvalues..
STATUS:Eigenvalues updated
STATUS:OK
STATUS:OK
STATUS:Update
STATUS:Update data
STATUS:Read structure
STATUS:Parsing initial structure
STATUS:OK
STATUS:OK
STATUS:Update k-points
STATUS:Scanning k-points
STATUS:OK
STATUS:Update eigenvalues
STATUS:Parsing eigenvalues (L)
STATUS:OK
STATUS:Scanning eigenvalues.
STATUS:Scanning eigenvalues..
STATUS:Eigenvalues updated
STATUS:OK
STATUS:OK
ERROR : Error reading property INCAR
EXCEPT:Traceback (most recent call last):
          File "/usr/lib/python2.7/dist-packages/p4vasp/Property.py", line 159, in get
           self.value=self.read()
          File "/usr/lib/python2.7/dist-packages/p4vasp/Property.py", line 172, in read
           return apply(self.read_func,(self,))
          File "/usr/lib/python2.7/dist-packages/p4vasp/SystemPM.py", line 440, in <lambda>
           read=lambda x:Incar(x.manager.DOM.getElementsByTagName("incar")[0]))
          File "/usr/lib/python2.7/dist-packages/p4vasp/ODPdom.py", line 202, in __getitem__
           raise IndexError
        IndexError
       
ERROR : Error reading property NAME
EXCEPT:Traceback (most recent call last):
          File "/usr/lib/python2.7/dist-packages/p4vasp/Property.py", line 159, in get
           self.value=self.read()
          File "/usr/lib/python2.7/dist-packages/p4vasp/Property.py", line 172, in read
           return apply(self.read_func,(self,))
          File "/usr/lib/python2.7/dist-packages/p4vasp/SystemPM.py", line 446, in <lambda>
           read=lambda x:x.manager.INCAR["SYSTEM"])
        TypeError: 'NoneType' object has no attribute '__getitem__'
       
STATUS:Update
STATUS:Update data
MSG   :EFermi hack: reading EFermi from DOSCAR
ERROR : EFermi hack failed
EXCEPT:Traceback (most recent call last):
          File "/usr/lib/python2.7/dist-packages/p4vasp/SystemPM.py", line 848, in getEFermi
           e= float(split(d.readline())[3])
        IndexError: list index out of range
       
ERROR : Error reading property E_FERMI
EXCEPT:Traceback (most recent call last):
          File "/usr/lib/python2.7/dist-packages/p4vasp/Property.py", line 159, in get
           self.value=self.read()
          File "/usr/lib/python2.7/dist-packages/p4vasp/Property.py", line 172, in read
           return apply(self.read_func,(self,))
          File "/usr/lib/python2.7/dist-packages/p4vasp/SystemPM.py", line 848, in getEFermi
           e= float(split(d.readline())[3])
        IndexError: list index out of range
       
STATUS:Fermi energy not available, using 0.0
STATUS:Read structure
STATUS:Parsing initial structure
ERROR : Error reading property ATOMINFO
EXCEPT:Traceback (most recent call last):
          File "/usr/lib/python2.7/dist-packages/p4vasp/Property.py", line 159, in get
           self.value=self.read()
          File "/usr/lib/python2.7/dist-packages/p4vasp/Property.py", line 172, in read
           return apply(self.read_func,(self,))
          File "/usr/lib/python2.7/dist-packages/p4vasp/SystemPM.py", line 519, in getAtomInfo
           return AtomInfo(dom.getElementsByTagName("atominfo")[0])
          File "/usr/lib/python2.7/dist-packages/p4vasp/ODPdom.py", line 202, in __getitem__
           raise IndexError
        IndexError
       
ERROR : Error - no initial structure available, empty structure created.
STATUS:OK
STATUS:Update k-points
ERROR : Error reading property KPOINT_LIST
EXCEPT:Traceback (most recent call last):
          File "/usr/lib/python2.7/dist-packages/p4vasp/Property.py", line 159, in get
           self.value=self.read()
          File "/usr/lib/python2.7/dist-packages/p4vasp/Property.py", line 172, in read
           return apply(self.read_func,(self,))
          File "/usr/lib/python2.7/dist-packages/p4vasp/SystemPM.py", line 796, in getKpointList
           kpoints =  dom.getElementsByTagName("kpoints")[0]
          File "/usr/lib/python2.7/dist-packages/p4vasp/ODPdom.py", line 202, in __getitem__
           raise IndexError
        IndexError
       
ERROR : Error reading property KPOINT_DIVISIONS
EXCEPT:Traceback (most recent call last):
          File "/usr/lib/python2.7/dist-packages/p4vasp/Property.py", line 159, in get
           self.value=self.read()
          File "/usr/lib/python2.7/dist-packages/p4vasp/Property.py", line 172, in read
           return apply(self.read_func,(self,))
          File "/usr/lib/python2.7/dist-packages/p4vasp/SystemPM.py", line 812, in getKpointDivisions
           kpoints =  dom.getElementsByTagName("kpoints")[0]
          File "/usr/lib/python2.7/dist-packages/p4vasp/ODPdom.py", line 202, in __getitem__
           raise IndexError
        IndexError
       
STATUS:No k-points available
STATUS:Update eigenvalues
STATUS:Parsing eigenvalues (L)
ERROR : Error - no eigenvalues available
EXCEPT:Traceback (most recent call last):
          File "/usr/lib/python2.7/dist-packages/p4vasp/SystemPM.py", line 929, in getEigenvalues_L
           eigenvalues =   dom.getElementsByTagName("eigenvalues")[0]
          File "/usr/lib/python2.7/dist-packages/p4vasp/ODPdom.py", line 202, in __getitem__
           raise IndexError
        IndexError
       
ERROR : Error reading property EIGENVALUES_L
EXCEPT:Traceback (most recent call last):
          File "/usr/lib/python2.7/dist-packages/p4vasp/Property.py", line 159, in get
           self.value=self.read()
          File "/usr/lib/python2.7/dist-packages/p4vasp/Property.py", line 172, in read
           return apply(self.read_func,(self,))
          File "/usr/lib/python2.7/dist-packages/p4vasp/SystemPM.py", line 929, in getEigenvalues_L
           eigenvalues =   dom.getElementsByTagName("eigenvalues")[0]
          File "/usr/lib/python2.7/dist-packages/p4vasp/ODPdom.py", line 202, in __getitem__
           raise IndexError
        IndexError
       
STATUS:OK
STATUS:OK
STATUS:Update
STATUS:Update data
STATUS:Read structure
STATUS:Parsing initial structure
STATUS:OK
STATUS:OK
STATUS:Update k-points
STATUS:Scanning k-points
STATUS:OK
STATUS:Update eigenvalues
STATUS:Parsing eigenvalues (L)
STATUS:OK
STATUS:Scanning eigenvalues.
STATUS:Scanning eigenvalues..
STATUS:Eigenvalues updated
STATUS:OK
STATUS:OK
STATUS:Update
STATUS:Update data
STATUS:Read structure
STATUS:Parsing initial structure
STATUS:OK
STATUS:OK
STATUS:Update k-points
STATUS:Scanning k-points
STATUS:OK
STATUS:Update eigenvalues
STATUS:Parsing eigenvalues (L)
STATUS:OK
STATUS:Scanning eigenvalues.
STATUS:Scanning eigenvalues..
STATUS:Eigenvalues updated
STATUS:OK
STATUS:OK
STATUS:Update
STATUS:Update data
STATUS:Read structure
STATUS:Parsing initial structure
STATUS:OK
STATUS:OK
STATUS:Update k-points
ERROR : Error reading property KPOINT_DIVISIONS
EXCEPT:Traceback (most recent call last):
          File "/usr/lib/python2.7/dist-packages/p4vasp/Property.py", line 159, in get
           self.value=self.read()
          File "/usr/lib/python2.7/dist-packages/p4vasp/Property.py", line 172, in read
           return apply(self.read_func,(self,))
          File "/usr/lib/python2.7/dist-packages/p4vasp/SystemPM.py", line 813, in getKpointDivisions
           g       =  kpoints.getElementsByTagName("generation")[0]
          File "/usr/lib/python2.7/dist-packages/p4vasp/ODPdom.py", line 202, in __getitem__
           raise IndexError
        IndexError
       
STATUS:Scanning k-points
STATUS:OK
STATUS:Update eigenvalues
STATUS:Parsing eigenvalues (L)
STATUS:OK
STATUS:Scanning eigenvalues.
STATUS:Scanning eigenvalues..
STATUS:Eigenvalues updated
STATUS:OK
STATUS:OK
STATUS:Update
STATUS:Update data
STATUS:Read structure
STATUS:Parsing initial structure
STATUS:OK
STATUS:OK
STATUS:Update k-points
ERROR : Error reading property KPOINT_DIVISIONS
EXCEPT:Traceback (most recent call last):
          File "/usr/lib/python2.7/dist-packages/p4vasp/Property.py", line 159, in get
           self.value=self.read()
          File "/usr/lib/python2.7/dist-packages/p4vasp/Property.py", line 172, in read
           return apply(self.read_func,(self,))
          File "/usr/lib/python2.7/dist-packages/p4vasp/SystemPM.py", line 813, in getKpointDivisions
           g       =  kpoints.getElementsByTagName("generation")[0]
          File "/usr/lib/python2.7/dist-packages/p4vasp/ODPdom.py", line 202, in __getitem__
           raise IndexError
        IndexError
       
STATUS:Scanning k-points
STATUS:OK
STATUS:Update eigenvalues
STATUS:Parsing eigenvalues (L)
STATUS:OK
STATUS:Scanning eigenvalues.
STATUS:Scanning eigenvalues..
STATUS:Eigenvalues updated
STATUS:OK
STATUS:OK
STATUS:Update
STATUS:Update data
STATUS:Read structure
STATUS:Parsing initial structure
STATUS:OK
STATUS:OK
STATUS:Update k-points
ERROR : Error reading property KPOINT_DIVISIONS
EXCEPT:Traceback (most recent call last):
          File "/usr/lib/python2.7/dist-packages/p4vasp/Property.py", line 159, in get
           self.value=self.read()
          File "/usr/lib/python2.7/dist-packages/p4vasp/Property.py", line 172, in read
           return apply(self.read_func,(self,))
          File "/usr/lib/python2.7/dist-packages/p4vasp/SystemPM.py", line 813, in getKpointDivisions
           g       =  kpoints.getElementsByTagName("generation")[0]
          File "/usr/lib/python2.7/dist-packages/p4vasp/ODPdom.py", line 202, in __getitem__
           raise IndexError
        IndexError
       
STATUS:Scanning k-points
STATUS:OK
STATUS:Update eigenvalues
STATUS:Parsing eigenvalues (L)
STATUS:OK
STATUS:Scanning eigenvalues.
STATUS:Scanning eigenvalues..
STATUS:Eigenvalues updated
STATUS:OK
STATUS:OK
